C51 COMPILER V9.60.7.0   MAIN                                                              03/18/2024 15:33:29 PAGE 1   


C51 COMPILER V9.60.7.0, COMPILATION OF MODULE MAIN
OBJECT MODULE PLACED IN .\Objects\main.obj
COMPILER INVOKED BY: C:\Keil_v5\C51\BIN\C51.EXE main.c OPTIMIZE(8,SPEED) BROWSE DEBUG OBJECTEXTEND PRINT(.\Listings\main
                    -.lst) TABS(2) OBJECT(.\Objects\main.obj)

line level    source

   1          #include <REGX52.H>
   2          
   3          #define TIMER_PRESCALER 12  
   4          #define DUTY_CYCLE_PERCENTAGE 30  
   5          
   6          void delay(unsigned int count) {
   7   1          unsigned int i;
   8   1          for (i = 0; i < count; i++);
   9   1      }
  10          
  11          void main() {
  12   1          TMOD = 0x01;  
  13   1          
  14   1          while(1) {
  15   2              TH0 = 0xFF;   
  16   2              TL0 = 0xD8;   
  17   2      
  18   2              P2 |= (1 << 0);
  19   2      
  20   2              delay((DUTY_CYCLE_PERCENTAGE * TIMER_PRESCALER) / 100);
  21   2      
  22   2              P2 &= ~(1 << 0);
  23   2              delay(((100 - DUTY_CYCLE_PERCENTAGE) * TIMER_PRESCALER) / 100);
  24   2          }
  25   1      }


MODULE INFORMATION:   STATIC OVERLAYABLE
   CODE SIZE        =     47    ----
   CONSTANT SIZE    =   ----    ----
   XDATA SIZE       =   ----    ----
   PDATA SIZE       =   ----    ----
   DATA SIZE        =   ----    ----
   IDATA SIZE       =   ----    ----
   BIT SIZE         =   ----    ----
END OF MODULE INFORMATION.


C51 COMPILATION COMPLETE.  0 WARNING(S),  0 ERROR(S)
