C51 COMPILER V9.60.7.0   MAIN                                                              03/18/2024 18:07:56 PAGE 1   


C51 COMPILER V9.60.7.0, COMPILATION OF MODULE MAIN
OBJECT MODULE PLACED IN .\Objects\main.obj
COMPILER INVOKED BY: C:\Keil_v5\C51\BIN\C51.EXE main.c OPTIMIZE(8,SPEED) BROWSE DEBUG OBJECTEXTEND PRINT(.\Listings\main
                    -.lst) TABS(2) OBJECT(.\Objects\main.obj)

line level    source

   1          #include <REGX52.H>
   2          
   3          #define TIMER_PRESCALER 12  
   4          #define DUTY_CYCLE_PERCENTAGE 50  
   5          
   6          
   7          void delay(unsigned int count) {
   8   1          unsigned int i;
   9   1          for (i = 0; i < count; i++);
  10   1      }
  11          
  12          void main() {
  13   1          TMOD = 0x01;  
  14   1          
  15   1          while(1) {
  16   2              TH0 = 0xFE;   
  17   2              TL0 = 0x0C;   
  18   2      
  19   2              P1 |= (1 << 7);
  20   2      
  21   2              delay((DUTY_CYCLE_PERCENTAGE * TIMER_PRESCALER) / 100);
  22   2      
  23   2              P1 &= ~(1 << 7);
  24   2              delay(((100 - DUTY_CYCLE_PERCENTAGE) * TIMER_PRESCALER) / 100);
  25   2          }
  26   1      }


MODULE INFORMATION:   STATIC OVERLAYABLE
   CODE SIZE        =     45    ----
   CONSTANT SIZE    =   ----    ----
   XDATA SIZE       =   ----    ----
   PDATA SIZE       =   ----    ----
   DATA SIZE        =   ----    ----
   IDATA SIZE       =   ----    ----
   BIT SIZE         =   ----    ----
END OF MODULE INFORMATION.


C51 COMPILATION COMPLETE.  0 WARNING(S),  0 ERROR(S)
